<?xml version="1.0" encoding="UTF-8"?>
<!-- Generated by org.testng.reporters.JUnitReportReporter -->
<testsuite hostname="Confiz-4343" failures="0" tests="5" name="Testcases.CreateNewUserAPI" time="5.174" errors="0" timestamp="2022-03-21T15:19:35 PKT" skipped="0">
  <testcase classname="Testcases.CreateNewUserAPI" name="addNewUserAPI" time="2.079"/>
  <system-out/>
  <testcase classname="Testcases.CreateNewUserAPI" name="addNewUserAPI" time="0.688"/>
  <system-out/>
  <testcase classname="Testcases.CreateNewUserAPI" name="addNewUserAPI" time="0.760"/>
  <system-out/>
  <testcase classname="Testcases.CreateNewUserAPI" name="addNewUserAPI" time="0.877"/>
  <system-out/>
  <testcase classname="Testcases.CreateNewUserAPI" name="addNewUserAPI" time="0.770"/>
  <system-out/>
</testsuite> <!-- Testcases.CreateNewUserAPI -->
