<?xml version="1.0" encoding="UTF-8"?>
<!-- Generated by org.testng.reporters.JUnitReportReporter -->
<testsuite hostname="Confiz-4343" failures="0" tests="5" name="Testcases.CreateNewUserAPI" time="6.504" errors="0" timestamp="2022-03-21T11:28:15 PKT" skipped="0">
  <testcase classname="Testcases.CreateNewUserAPI" name="addNewUserAPI" time="0.704"/>
  <system-out/>
  <testcase classname="Testcases.CreateNewUserAPI" name="addNewUserAPI" time="1.712"/>
  <system-out/>
  <testcase classname="Testcases.CreateNewUserAPI" name="addNewUserAPI" time="0.719"/>
  <system-out/>
  <testcase classname="Testcases.CreateNewUserAPI" name="addNewUserAPI" time="0.717"/>
  <system-out/>
  <testcase classname="Testcases.CreateNewUserAPI" name="addNewUserAPI" time="2.652"/>
  <system-out/>
</testsuite> <!-- Testcases.CreateNewUserAPI -->
