<?xml version="1.0" encoding="UTF-8"?>
<!-- Generated by org.testng.reporters.JUnitReportReporter -->
<testsuite hostname="Confiz-4343" failures="0" tests="1" name="Testcases.PassingJSON" time="0.711" errors="0" timestamp="2022-03-21T15:19:35 PKT" skipped="0">
  <testcase classname="Testcases.PassingJSON" name="CreateUserAPI" time="0.711"/>
  <system-out/>
</testsuite> <!-- Testcases.PassingJSON -->
