<?xml version="1.0" encoding="UTF-8"?>
<!-- Generated by org.testng.reporters.JUnitReportReporter -->
<testsuite hostname="Confiz-4343" failures="0" tests="2" name="Testcases.UpdateRecordAPI" time="1.424" errors="0" timestamp="2022-03-21T11:28:15 PKT" skipped="0">
  <testcase classname="Testcases.UpdateRecordAPI" name="UpdateUserRecordAPI" time="0.721"/>
  <system-out/>
  <testcase classname="Testcases.UpdateRecordAPI" name="UpdateUserRecordAPI" time="0.703"/>
  <system-out/>
</testsuite> <!-- Testcases.UpdateRecordAPI -->
