<?xml version="1.0" encoding="UTF-8"?>
<!-- Generated by org.testng.reporters.JUnitReportReporter -->
<testsuite hostname="Confiz-4343" failures="0" tests="2" name="rdm.DeleteRecordAPI" time="2.540" errors="0" timestamp="2022-03-18T15:53:21 PKT" skipped="0">
  <testcase classname="rdm.DeleteRecordAPI" name="DeleteUser" time="1.326"/>
  <system-out/>
  <testcase classname="rdm.DeleteRecordAPI" name="DeleteUser" time="1.214"/>
  <system-out/>
</testsuite> <!-- rdm.DeleteRecordAPI -->
