<?xml version="1.0" encoding="UTF-8"?>
<!-- Generated by org.testng.reporters.JUnitReportReporter -->
<testsuite hostname="Confiz-4343" failures="0" tests="2" name="Testcases.DeleteRecordAPI" time="1.457" errors="0" timestamp="2022-03-21T15:19:35 PKT" skipped="0">
  <testcase classname="Testcases.DeleteRecordAPI" name="DeleteUser" time="0.720"/>
  <system-out/>
  <testcase classname="Testcases.DeleteRecordAPI" name="DeleteUser" time="0.737"/>
  <system-out/>
</testsuite> <!-- Testcases.DeleteRecordAPI -->
