<?xml version="1.0" encoding="UTF-8"?>
<!-- Generated by org.testng.reporters.JUnitReportReporter -->
<testsuite hostname="Confiz-4343" failures="0" tests="5" name="rdm.CreateNewUserAPI" time="8.417" errors="0" timestamp="2022-03-18T15:53:21 PKT" skipped="0">
  <testcase classname="rdm.CreateNewUserAPI" name="addNewUserAPI" time="1.214"/>
  <system-out/>
  <testcase classname="rdm.CreateNewUserAPI" name="addNewUserAPI" time="1.344"/>
  <system-out/>
  <testcase classname="rdm.CreateNewUserAPI" name="addNewUserAPI" time="1.530"/>
  <system-out/>
  <testcase classname="rdm.CreateNewUserAPI" name="addNewUserAPI" time="1.350"/>
  <system-out/>
  <testcase classname="rdm.CreateNewUserAPI" name="addNewUserAPI" time="2.979"/>
  <system-out/>
</testsuite> <!-- rdm.CreateNewUserAPI -->
