<?xml version="1.0" encoding="UTF-8"?>
<!-- Generated by org.testng.reporters.JUnitReportReporter -->
<testsuite hostname="Confiz-4343" failures="0" tests="2" name="rdm.UpdateRecordAPI" time="3.025" errors="0" timestamp="2022-03-18T15:53:21 PKT" skipped="0">
  <testcase classname="rdm.UpdateRecordAPI" name="UpdateUserRecordAPI" time="1.790"/>
  <system-out/>
  <testcase classname="rdm.UpdateRecordAPI" name="UpdateUserRecordAPI" time="1.235"/>
  <system-out/>
</testsuite> <!-- rdm.UpdateRecordAPI -->
