<?xml version="1.0" encoding="UTF-8"?>
<!-- Generated by org.testng.reporters.JUnitReportReporter -->
<testsuite hostname="Confiz-4343" failures="0" tests="5" name="Testcases.CreateNewUserAPI" time="7.580" errors="0" timestamp="2022-03-21T12:21:02 PKT" skipped="0">
  <testcase classname="Testcases.CreateNewUserAPI" name="addNewUserAPI" time="0.869"/>
  <system-out/>
  <testcase classname="Testcases.CreateNewUserAPI" name="addNewUserAPI" time="0.985"/>
  <system-out/>
  <testcase classname="Testcases.CreateNewUserAPI" name="addNewUserAPI" time="1.599"/>
  <system-out/>
  <testcase classname="Testcases.CreateNewUserAPI" name="addNewUserAPI" time="1.167"/>
  <system-out/>
  <testcase classname="Testcases.CreateNewUserAPI" name="addNewUserAPI" time="2.960"/>
  <system-out/>
</testsuite> <!-- Testcases.CreateNewUserAPI -->
