<?xml version="1.0" encoding="UTF-8"?>
<!-- Generated by org.testng.reporters.JUnitReportReporter -->
<testsuite hostname="Confiz-4343" failures="0" tests="2" name="Testcases.UpdateRecordAPI" time="1.904" errors="0" timestamp="2022-03-21T12:21:02 PKT" skipped="0">
  <testcase classname="Testcases.UpdateRecordAPI" name="UpdateUserRecordAPI" time="0.764"/>
  <system-out/>
  <testcase classname="Testcases.UpdateRecordAPI" name="UpdateUserRecordAPI" time="1.140"/>
  <system-out/>
</testsuite> <!-- Testcases.UpdateRecordAPI -->
