<?xml version="1.0" encoding="UTF-8"?>
<!-- Generated by org.testng.reporters.JUnitReportReporter -->
<testsuite hostname="Confiz-4343" failures="0" tests="5" name="Testcases.CreateNewUserAPI" time="8.194" errors="0" timestamp="2022-03-21T17:30:49 PKT" skipped="0">
  <testcase classname="Testcases.CreateNewUserAPI" name="addNewUserAPI" time="1.268"/>
  <system-out/>
  <testcase classname="Testcases.CreateNewUserAPI" name="addNewUserAPI" time="2.973"/>
  <system-out/>
  <testcase classname="Testcases.CreateNewUserAPI" name="addNewUserAPI" time="1.231"/>
  <system-out/>
  <testcase classname="Testcases.CreateNewUserAPI" name="addNewUserAPI" time="1.217"/>
  <system-out/>
  <testcase classname="Testcases.CreateNewUserAPI" name="addNewUserAPI" time="1.505"/>
  <system-out/>
</testsuite> <!-- Testcases.CreateNewUserAPI -->
