<?xml version="1.0" encoding="UTF-8"?>
<!-- Generated by org.testng.reporters.JUnitReportReporter -->
<testsuite hostname="Confiz-4343" failures="0" tests="4" name="Testcases.GetSingleUserAPI" time="4.786" errors="0" timestamp="2022-03-21T17:30:49 PKT" skipped="0">
  <testcase classname="Testcases.GetSingleUserAPI" name="GetsingleUserAPI" time="0.883"/>
  <system-out/>
  <testcase classname="Testcases.GetSingleUserAPI" name="GetsingleUserAPI" time="0.869"/>
  <system-out/>
  <testcase classname="Testcases.GetSingleUserAPI" name="GetsingleUserAPI" time="0.840"/>
  <system-out/>
  <testcase classname="Testcases.GetSingleUserAPI" name="GetsingleUserAPI" time="2.194"/>
  <system-out/>
</testsuite> <!-- Testcases.GetSingleUserAPI -->
