<?xml version="1.0" encoding="UTF-8"?>
<!-- Generated by org.testng.reporters.JUnitReportReporter -->
<testsuite hostname="Confiz-4343" failures="0" tests="2" name="Testcases.DeleteRecordAPI" time="2.418" errors="0" timestamp="2022-03-21T17:30:49 PKT" skipped="0">
  <testcase classname="Testcases.DeleteRecordAPI" name="DeleteUser" time="1.198"/>
  <system-out/>
  <testcase classname="Testcases.DeleteRecordAPI" name="DeleteUser" time="1.220"/>
  <system-out/>
</testsuite> <!-- Testcases.DeleteRecordAPI -->
